#1 [internal] load build definition from Dockerfile
#1 sha256:e2901f05d0890930e8910ce435420ba19d5dd0b1fbe9ac132b6265a142222293
#1 transferring dockerfile: 44B done
#1 DONE 0.0s

#2 [internal] load .dockerignore
#2 sha256:d4e223c6e1764669f48e9a8771e7e286129885ac37969a453a382468be6aaa4a
#2 transferring context: 2B done
#2 DONE 0.0s

#3 [internal] load metadata for docker.io/library/node:10
#3 sha256:3af94700eddd7306f022f111ebaedfb2b528a274c7884467f1290423681c9a11
#3 DONE 0.6s

#4 [1/6] FROM docker.io/library/node:10@sha256:59531d2835edd5161c8f9512f9e095b1836f7a1fcb0ab73e005ec46047384911
#4 sha256:1433f49f388d7d7590590cd7318f6f3daca57a070fba12d25c237c8ab4a0ff6b
#4 DONE 0.0s

#6 [internal] load build context
#6 sha256:d9d93654dafa75719d106469a7101b28ae79c79cab08a95d215b3985c670ff71
#6 transferring context: 13.13kB done
#6 DONE 0.0s

#9 [5/6] RUN npm install
#9 sha256:93d5bc07ac5c4683e0dafc2041599215b72c8eff2a18f13aa37c2ef52a5f24d2
#9 CACHED

#7 [3/6] COPY package.json ./
#7 sha256:5b9356bad6de745d5dbdd203a7e34da6ed09c8e442a2f76640ad501b38c0e2b7
#7 CACHED

#5 [2/6] WORKDIR /app
#5 sha256:946c283cb1ec73a9125c516a8bddf4745ec5e92241f7876bcd6b7416eec2e87c
#5 CACHED

#8 [4/6] COPY package-lock.json ./
#8 sha256:857f2c01dbbedb7d00c10e95d924053479aaf017614e57c78de9208be3e8b803
#8 CACHED

#10 [6/6] COPY . ./
#10 sha256:43d49499d0d4999be292cdcf46d4770d0d9c97d60aa92c37b1a3be195cb27e17
#10 CACHED

#11 exporting to image
#11 sha256:e8c613e07b0b7ff33893b694f7759a10d42e180f2b4dc349fb57dc6b71dcab00
#11 exporting layers done
#11 writing image sha256:f0fc48c8a8ab8dc9a932e9eb2e6022a3391e83e1d9d6787c22fa7a544723f538
#11 writing image sha256:f0fc48c8a8ab8dc9a932e9eb2e6022a3391e83e1d9d6787c22fa7a544723f538 done
#11 naming to docker.io/library/u2img done
#11 DONE 0.0s
