#1 [internal] load build definition from Dockerfile
#1 sha256:6e6c0054a65cecba2c0267ae3a17cd8b445464239018216009b5cc37fe65cde4
#1 transferring dockerfile: 44B done
#1 DONE 0.0s

#2 [internal] load .dockerignore
#2 sha256:b23ad8f3f66a68e58ed1b787e7d8929913a115d3638dbc41ab3c80acf7bd6b47
#2 transferring context: 2B done
#2 DONE 0.0s

#3 [internal] load metadata for docker.io/library/node:latest
#3 sha256:1c0b05b884068c98f7acad32e4f7fd374eba1122b4adcbb1de68aa72d5a6046f
#3 ...

#4 [auth] library/node:pull token for registry-1.docker.io
#4 sha256:edae2ce37d5e37a2016ab7a59021a19e87367ea932a0dd158d9244978aba2d80
#4 DONE 0.0s

#3 [internal] load metadata for docker.io/library/node:latest
#3 sha256:1c0b05b884068c98f7acad32e4f7fd374eba1122b4adcbb1de68aa72d5a6046f
#3 DONE 31.8s

#5 [1/5] FROM docker.io/library/node@sha256:a0a2fc4435b0c9ae7bec0a69b1279323a4a41c5a005581fbf30d39cd5777db37
#5 sha256:5fd977eb96b7d0f8ca694afa9f8b7307b35dfc42c85a7b66e2460d94884fc0ac
#5 DONE 0.0s

#7 [internal] load build context
#7 sha256:3adf2875ea3a77ad38877f54b5c1663d5b1a52b92d31a48b5ebd1a750a970e67
#7 transferring context: 103B done
#7 DONE 0.0s

#6 [2/5] WORKDIR /usr/src/app
#6 sha256:6d30d50f1af92d18f973f9e041d3568c493ecde13cac135b3453fe6a1c5c6a11
#6 CACHED

#8 [3/5] COPY package*.json .
#8 sha256:a50d353ef5a0a639f53aa0ceeab6d29f1fcef8019b9b95e03fff7067b758461d
#8 CACHED

#9 [4/5] RUN npm install
#9 sha256:8b6abc983c148a6d22742a901134a6851ccd25b5faf0634030ae540c25dfae4d
#9 CACHED

#10 [5/5] COPY p_rotate.js .
#10 sha256:502c3acd9be2f38cfd34907bbda41035b933ce9a4a403d154782c1e179bbe120
#10 CACHED

#11 exporting to image
#11 sha256:e8c613e07b0b7ff33893b694f7759a10d42e180f2b4dc349fb57dc6b71dcab00
#11 exporting layers done
#11 writing image sha256:322016b2d40fbc53374c39f4caf62de0ab2959ef71669571748915cc8fdd755f done
#11 naming to docker.io/library/u1img done
#11 DONE 0.0s
